From https://github.com/fedesuarez79/donbeto
 * branch            master     -> FETCH_HEAD
error: Your local changes to the following files would be overwritten by merge:
	script.log
Please, commit your changes or stash them before you can merge.
Aborting
calculo.php
carga.php
carga2.php
data_entry_20160119.php
data_entry_20160119.txt
git_uso
index.php
libro_diario_entry_20160119.php
lista_precios.php
lista_precios_camion.php
nuevos_items.php
nuevos_items.txt
nuevos_items.txt.bak
obsoleto.php
script.log
script.sh
stock.php
ventas_entry_20151203.txt.old
ventas_entry_20160127.txt
